===== Results for clang, L=1024, -O3 =====
===== Program output =====
# L: 1024
# Minimum Temperature: 1.500000
# Maximum Temperature: 3.000000
# Temperature Step: 0.010000000000
# Equilibration Time: 5
# Measurement Time: 25
# Data Acquiring Step: 5
# Number of Points: 151
# Total Simulation Time (sec): 43.351339
# Temp	E	E^2	E^4	M	M^2	M^4
1.500000	-1.9513137817	3.8076264376	14.4980337531	0.9866027832	0.9733851342	0.9474789402
1.510000	-1.9490676880	3.7988652058	14.4313822220	0.9858749390	0.9719494092	0.9446857080
1.520000	-1.9475082397	3.7927888034	14.3852538824	0.9854351044	0.9710823789	0.9430011185
1.530000	-1.9448051453	3.7822671463	14.3055461764	0.9846027374	0.9694425684	0.9398189624
1.540000	-1.9422973633	3.7725194276	14.2319085697	0.9839351654	0.9681284369	0.9372727757
1.550000	-1.9404121399	3.7652000902	14.1767440282	0.9833198547	0.9669180353	0.9349308684
1.560000	-1.9376434326	3.7544622844	14.0959902353	0.9825317383	0.9653686551	0.9319367885
1.570000	-1.9359436035	3.7478784537	14.0466051586	0.9819328308	0.9641921587	0.9296668058
1.580000	-1.9333923340	3.7380060773	13.9726918293	0.9812442780	0.9628403594	0.9270616593
1.590000	-1.9308517456	3.7281889306	13.8993996687	0.9804637909	0.9613092893	0.9241157188
1.600000	-1.9284637451	3.7189728659	13.8307658647	0.9796348572	0.9596844817	0.9209944132
1.610000	-1.9255363464	3.7076904687	13.7469722784	0.9787605286	0.9579722094	0.9177108962
1.620000	-1.9230995178	3.6983122041	13.6775197949	0.9779708862	0.9564271227	0.9147531028
1.630000	-1.9202453613	3.6873425009	13.5964984542	0.9771553040	0.9548325079	0.9117051941
1.640000	-1.9172958374	3.6760240789	13.5131640728	0.9762886047	0.9531395134	0.9084752129
1.650000	-1.9138626099	3.6628705348	13.4166270812	0.9751296997	0.9508779627	0.9041690195
1.660000	-1.9106307983	3.6505115194	13.3262558356	0.9741024017	0.9488756516	0.9003656189
1.670000	-1.9076469421	3.6391176132	13.2431880259	0.9731224060	0.9469673210	0.8967475005
1.680000	-1.9048088074	3.6282969047	13.1645429594	0.9721920013	0.9451573424	0.8933226095
1.690000	-1.9013824463	3.6152559369	13.0700860439	0.9711025238	0.9430401761	0.8893250164
1.700000	-1.8974433899	3.6002916883	12.9621041359	0.9698261261	0.9405627513	0.8846584264
1.710000	-1.8951507568	3.5915970995	12.8995799035	0.9690235138	0.9390066336	0.8817336957
1.720000	-1.8907325745	3.5748700277	12.7797008569	0.9675975800	0.9362450918	0.8765549284
1.730000	-1.8877685547	3.5636707197	12.6997576082	0.9666458130	0.9344042611	0.8731118214
1.740000	-1.8834228516	3.5472828778	12.5832334124	0.9651599884	0.9315339363	0.8677559707
1.750000	-1.8792800903	3.5316941522	12.4728705671	0.9638217926	0.9289524879	0.8629528735
1.760000	-1.8761947632	3.5201075514	12.3911678955	0.9627239227	0.9268374751	0.8590281636
1.770000	-1.8715240479	3.5026034258	12.2682470724	0.9611251831	0.9237618278	0.8533366913
1.780000	-1.8670433044	3.4858528145	12.1511993375	0.9595676422	0.9207703398	0.8478190499
1.790000	-1.8632751465	3.4717964922	12.0534016981	0.9582027435	0.9181528309	0.8430058438
1.800000	-1.8583770752	3.4535663616	11.9271345291	0.9566146851	0.9151117780	0.8374300137
1.810000	-1.8555343628	3.4430107070	11.8543631620	0.9556434631	0.9132547998	0.8340356851
1.820000	-1.8511634827	3.4268069954	11.7430165388	0.9539093018	0.9099430794	0.8279968568
1.830000	-1.8446472168	3.4027235913	11.5785310632	0.9515338898	0.9054168140	0.8197798629
1.840000	-1.8413307190	3.3904993382	11.4954928332	0.9503749847	0.9032126957	0.8157934773
1.850000	-1.8355651855	3.3693000637	11.3521898363	0.9481395721	0.8989687428	0.8081451406
1.860000	-1.8305458069	3.3508980052	11.2285181659	0.9463302612	0.8955409820	0.8019937174
1.870000	-1.8273200989	3.3391001211	11.1496080095	0.9450603485	0.8931393543	0.7976989486
1.880000	-1.8208122253	3.3153572808	10.9915955026	0.9425987244	0.8884923838	0.7894188176
1.890000	-1.8143508911	3.2918702236	10.8364236177	0.9402854919	0.8841370443	0.7816991545
1.900000	-1.8095306396	3.2744052350	10.7217833666	0.9384342194	0.8806595764	0.7755640820
1.910000	-1.8038414001	3.2538474415	10.5875706286	0.9360443115	0.8761796302	0.7676931178
1.920000	-1.7979217529	3.2325234871	10.4492191831	0.9337287903	0.8718496182	0.7601223298
1.930000	-1.7928329468	3.2142501774	10.3314068047	0.9315948486	0.8678690867	0.7531971844
1.940000	-1.7862380981	3.1906477977	10.1802493789	0.9290725708	0.8631761287	0.7450740191
1.950000	-1.7776748657	3.1601292265	9.9864331412	0.9251491547	0.8559010196	0.7325667651
1.960000	-1.7738471985	3.1465372713	9.9007394724	0.9241771698	0.8541038199	0.7294946299
1.970000	-1.7667846680	3.1215324348	9.7440194112	0.9207901001	0.8478549680	0.7188599460
1.980000	-1.7600181580	3.0976686684	9.5956100451	0.9180679321	0.8428498594	0.7103997027
1.990000	-1.7525772095	3.0715278601	9.4342954982	0.9145771027	0.8364513845	0.6996512794
2.000000	-1.7467918396	3.0512829568	9.3103426469	0.9121585846	0.8320335792	0.6922808615
2.010000	-1.7382873535	3.0216437494	9.1303409312	0.9079383850	0.8243522767	0.6795572222
2.020000	-1.7308845520	2.9959658007	8.9758646642	0.9046489716	0.8183902094	0.6697640012
2.030000	-1.7229187012	2.9684497756	8.8117050464	0.9009639740	0.8117363671	0.6589168534
2.040000	-1.7164268494	2.9461223283	8.6796509055	0.8980403900	0.8064766126	0.6504047539
2.050000	-1.7067604065	2.9130390992	8.4858901614	0.8925495148	0.7966460618	0.6346494920
2.060000	-1.6992111206	2.8873193589	8.3366237849	0.8893115997	0.7908755610	0.6254855445
2.070000	-1.6883491516	2.8505269899	8.1255512993	0.8830383301	0.7797575839	0.6080246705
2.080000	-1.6802719116	2.8233150017	7.9711223337	0.8789672852	0.7725835342	0.5968854589
2.090000	-1.6721771240	2.7961793353	7.8186524104	0.8748271942	0.7653232733	0.5857217136
2.100000	-1.6626098633	2.7642774603	7.6412951201	0.8685546875	0.7543897796	0.5691115692
2.110000	-1.6514396667	2.7272581239	7.4379931137	0.8619102478	0.7428916770	0.5518951945
2.120000	-1.6423141479	2.6972028161	7.2749792054	0.8574649811	0.7352500920	0.5406041510
2.130000	-1.6315368652	2.6619139514	7.0858008797	0.8500736237	0.7226252710	0.5221875867
2.140000	-1.6206604004	2.6265415381	6.8987352004	0.8442932129	0.7128317649	0.5081312219
2.150000	-1.6113021851	2.5963015233	6.7408519927	0.8376190186	0.7016077213	0.4922592866
2.160000	-1.5977432251	2.5527879274	6.5167722961	0.8277652740	0.6852022450	0.4695210416
2.170000	-1.5863487244	2.5165028057	6.3327917123	0.8200412750	0.6724685631	0.4522163074
2.180000	-1.5763854980	2.4849963248	6.1752572646	0.8124057770	0.6600061883	0.4356161895
2.190000	-1.5606391907	2.4356034459	5.9322496673	0.7984729767	0.6375645739	0.4065026131
2.200000	-1.5502929688	2.4034139767	5.7764534104	0.7917610168	0.6268874070	0.3929925770
2.210000	-1.5331146240	2.3504422367	5.5245954891	0.7772872925	0.6041766461	0.3650321024
2.220000	-1.5219566345	2.3163538751	5.3655126783	0.7669754028	0.5882544651	0.3460508616
2.230000	-1.5067314148	2.2702566230	5.1542202504	0.7516498566	0.5649928949	0.3192517415
2.240000	-1.4909957886	2.2230789781	4.9421738392	0.7373950958	0.5437590323	0.2956901978
2.250000	-1.4725021362	2.1682730392	4.7014992922	0.7140029907	0.5098281764	0.2599820895
2.260000	-1.4582122803	2.1263877802	4.5215651646	0.6963638306	0.4849251530	0.2351573806
2.270000	-1.4409400940	2.0763178576	4.3111745578	0.6734516144	0.4535641083	0.2057696145
2.280000	-1.4201805115	2.0169210155	4.0680376058	0.6408969879	0.4108131895	0.1688733259
2.290000	-1.4004669189	1.9613304279	3.8469969074	0.6102188110	0.3724186117	0.1387732026
2.300000	-1.3869789124	1.9237193909	3.7007646652	0.5819305420	0.3387003221	0.1147951621
2.310000	-1.3625671387	1.8565962136	3.4470015394	0.5284900665	0.2793504508	0.0780915847
2.320000	-1.3450515747	1.8091643296	3.2730798459	0.4877696991	0.2379597392	0.0566632595
2.330000	-1.3212707520	1.7457636461	3.0477413482	0.4430255890	0.1963709263	0.0386397562
2.340000	-1.3029357910	1.6976522702	2.8820952039	0.3958244324	0.1568826010	0.0247409887
2.350000	-1.2873245239	1.6572130478	2.7464122398	0.3530265808	0.1247389794	0.0156144794
2.360000	-1.2709327698	1.6152824724	2.6092174181	0.2973709106	0.0886244105	0.0079247305
2.370000	-1.2529289246	1.5698381388	2.4644373252	0.2517475128	0.0634634451	0.0040496812
2.380000	-1.2358497620	1.5273298203	2.3327680602	0.1976516724	0.0393377633	0.0015895241
2.390000	-1.2207443237	1.4902179168	2.2207566753	0.1358840942	0.0185557238	0.0003510984
2.400000	-1.2094444275	1.4627612466	2.1397022559	0.0877635956	0.0078032688	0.0000640420
2.410000	-1.1931266785	1.4235622594	2.0265921796	0.0528976440	0.0028264727	0.0000083147
2.420000	-1.1801155090	1.3926779566	1.9395816224	0.0347778320	0.0012567910	0.0000018566
2.430000	-1.1714965820	1.3724098203	1.8835392927	0.0154842377	0.0002655419	0.0000001033
2.440000	-1.1632675171	1.3531988678	1.8311881694	0.0052555084	0.0000301371	0.0000000012
2.450000	-1.1511734009	1.3252154266	1.7562766989	0.0022666931	0.0000099336	0.0000000002
2.460000	-1.1399200439	1.2994234453	1.6885311026	0.0139163971	0.0002011419	0.0000000466
2.470000	-1.1317031860	1.2807615700	1.6403987076	0.0056545258	0.0000444411	0.0000000034
2.480000	-1.1250785828	1.2658054433	1.6022817887	0.0039409637	0.0000222812	0.0000000011
2.490000	-1.1162796021	1.2460877107	1.5527722987	0.0044696808	0.0000287939	0.0000000017
2.500000	-1.1055274963	1.2221922548	1.4937598276	0.0059101105	0.0000490057	0.0000000051
2.510000	-1.0967529297	1.2028686494	1.4469009877	0.0055500031	0.0000464319	0.0000000044
2.520000	-1.0899314880	1.1879540405	1.4112508934	0.0030353546	0.0000106444	0.0000000002
2.530000	-1.0806938171	1.1679005296	1.3639981938	0.0029685974	0.0000143070	0.0000000005
2.540000	-1.0726791382	1.1506415833	1.3239808817	0.0069557190	0.0000556352	0.0000000043
2.550000	-1.0663719177	1.1371494029	1.2931102921	0.0022293091	0.0000067193	0.0000000001
2.560000	-1.0563400269	1.1158554191	1.2451385234	0.0047996521	0.0000283416	0.0000000012
2.570000	-1.0479774475	1.0982623574	1.2062049606	0.0041320801	0.0000254782	0.0000000013
2.580000	-1.0427421570	1.0873192008	1.1822978493	0.0013027191	0.0000020767	0.0000000000
2.590000	-1.0347328186	1.0706804733	1.1463928987	0.0061340332	0.0000558358	0.0000000063
2.600000	-1.0277084351	1.0561926028	1.1155764565	0.0019176483	0.0000057505	0.0000000001
2.610000	-1.0210594177	1.0425649136	1.0869523548	0.0013313293	0.0000020345	0.0000000000
2.620000	-1.0146789551	1.0295793988	1.0600585250	0.0018135071	0.0000042742	0.0000000000
2.630000	-1.0069770813	1.0140044654	1.0282116332	0.0030277252	0.0000146202	0.0000000005
2.640000	-1.0013633728	1.0027422422	1.0055466743	0.0061401367	0.0000591058	0.0000000074
2.650000	-0.9937713623	0.9875823977	0.9753224585	0.0065662384	0.0000679763	0.0000000083
2.660000	-0.9890174866	0.9781597498	0.9568128084	0.0021114349	0.0000091862	0.0000000002
2.670000	-0.9818710327	0.9640737007	0.9294495738	0.0019535065	0.0000060100	0.0000000001
2.680000	-0.9736503601	0.9479975163	0.8987087443	0.0049026489	0.0000365345	0.0000000030
2.690000	-0.9711830139	0.9432005813	0.8896429243	0.0018871307	0.0000043361	0.0000000000
2.700000	-0.9640396118	0.9293760940	0.8637537629	0.0040328979	0.0000196598	0.0000000006
2.710000	-0.9574752808	0.9167606371	0.8404563774	0.0036773682	0.0000223491	0.0000000011
2.720000	-0.9505699158	0.9035863349	0.8164797372	0.0025424957	0.0000078410	0.0000000001
2.730000	-0.9466705322	0.8961877066	0.8031617651	0.0053936005	0.0000382687	0.0000000031
2.740000	-0.9384178162	0.8806351421	0.7755433925	0.0030826569	0.0000113317	0.0000000002
2.750000	-0.9356269836	0.8753984036	0.7663242952	0.0033439636	0.0000138596	0.0000000004
2.760000	-0.9288970947	0.8628511445	0.7445166948	0.0035083771	0.0000143920	0.0000000003
2.770000	-0.9214828491	0.8491308108	0.7210237094	0.0034774780	0.0000167371	0.0000000005
2.780000	-0.9191619873	0.8448636399	0.7138110556	0.0027812958	0.0000103758	0.0000000002
2.790000	-0.9133018494	0.8341269925	0.6957902522	0.0048797607	0.0000250048	0.0000000008
2.800000	-0.9091636658	0.8265817011	0.6832476543	0.0030014038	0.0000180150	0.0000000010
2.810000	-0.9038162231	0.8168890655	0.6673250161	0.0026794434	0.0000138072	0.0000000007
2.820000	-0.8974716187	0.8054565627	0.6487643222	0.0011745453	0.0000025985	0.0000000000
2.830000	-0.8930473328	0.7975341548	0.6360626942	0.0028785706	0.0000101501	0.0000000001
2.840000	-0.8884056091	0.7892686993	0.6229582225	0.0039245605	0.0000248443	0.0000000014
2.850000	-0.8825492859	0.7788947892	0.6066819048	0.0023086548	0.0000124142	0.0000000005
2.860000	-0.8779747009	0.7708398370	0.5941948600	0.0022834778	0.0000088444	0.0000000002
2.870000	-0.8733825684	0.7628005790	0.5818752956	0.0028270721	0.0000103029	0.0000000002
2.880000	-0.8696311951	0.7562627716	0.5719465772	0.0027839661	0.0000147001	0.0000000007
2.890000	-0.8639633179	0.7464340771	0.5571682006	0.0041519165	0.0000241472	0.0000000014
2.900000	-0.8609718323	0.7412760788	0.5495008391	0.0037700653	0.0000240887	0.0000000018
2.910000	-0.8544937134	0.7301636070	0.5331508716	0.0018623352	0.0000054330	0.0000000001
2.920000	-0.8527847290	0.7272486503	0.5289105752	0.0016292572	0.0000036846	0.0000000000
2.930000	-0.8469398499	0.7173102401	0.5145429521	0.0027256012	0.0000085970	0.0000000001
2.940000	-0.8429679871	0.7105982737	0.5049591326	0.0023468018	0.0000080336	0.0000000001
2.950000	-0.8383941650	0.7029052035	0.4940769274	0.0024860382	0.0000083331	0.0000000001
2.960000	-0.8333641052	0.6944969129	0.4823292444	0.0034168243	0.0000140229	0.0000000003
2.970000	-0.8304809570	0.6897000015	0.4756899039	0.0029655457	0.0000098139	0.0000000001
2.980000	-0.8255554199	0.6815457962	0.4645157021	0.0021690369	0.0000077500	0.0000000002
2.990000	-0.8186721802	0.6702251352	0.4492044067	0.0022346497	0.0000088874	0.0000000003
3.000000	-0.8178665161	0.6689089384	0.4474479987	0.0025005341	0.0000079203	0.0000000001

===== Performance statistics =====
# started on Mon Mar 24 17:52:07 2025


 Performance counter stats for './tiny_ising':

         43,347.95 msec task-clock:u                     #    1.000 CPUs utilized             
                 0      context-switches:u               #    0.000 /sec                      
                 0      cpu-migrations:u                 #    0.000 /sec                      
             1,100      page-faults:u                    #   25.376 /sec                      
   548,472,759,176      instructions:u                   #    2.95  insn per cycle            
                                                  #    0.01  stalled cycles per insn   
   185,683,670,523      cycles:u                         #    4.284 GHz                       
     5,941,940,844      stalled-cycles-frontend:u        #    3.20% frontend cycles idle      
   105,437,693,011      branches:u                       #    2.432 G/sec                     
     1,202,440,608      branch-misses:u                  #    1.14% of all branches           

      43.353028766 seconds time elapsed

      43.343979000 seconds user
       0.002999000 seconds sys


