===== Results for gcc, L=128, -O1 =====
===== Program output =====
# L: 128
# Minimum Temperature: 1.500000
# Maximum Temperature: 3.000000
# Temperature Step: 0.010000000000
# Equilibration Time: 5
# Measurement Time: 25
# Data Acquiring Step: 5
# Number of Points: 151
# Total Simulation Time (sec): 0.711506
# Temp	E	E^2	E^4	M	M^2	M^4
1.500000	-1.9502441406	3.8034752250	14.4667739080	0.9864013672	0.9729892939	0.9467145368
1.510000	-1.9477539062	3.7937704086	14.3930743562	0.9855712891	0.9713530809	0.9435357913
1.520000	-1.9463867187	3.7884322882	14.3523865233	0.9850830078	0.9703898460	0.9416615547
1.530000	-1.9437988281	3.7783691287	14.2763037443	0.9845214844	0.9692838371	0.9395161343
1.540000	-1.9435546875	3.7774061918	14.2688182136	0.9840820313	0.9684177637	0.9378342020
1.550000	-1.9414550781	3.7692848325	14.2080666147	0.9836669922	0.9676034123	0.9362666668
1.560000	-1.9423828125	3.7728687763	14.2348069363	0.9839599609	0.9681790441	0.9373777808
1.570000	-1.9363281250	3.7493815660	14.0580863696	0.9822753906	0.9648667753	0.9309749611
1.580000	-1.9329101562	3.7361663103	13.9593073198	0.9808105469	0.9619924247	0.9254413458
1.590000	-1.9293945313	3.7225785255	13.8578178826	0.9798828125	0.9601724625	0.9219393544
1.600000	-1.9287597656	3.7201395154	13.8398138201	0.9798583984	0.9601239353	0.9218435540
1.610000	-1.9275390625	3.7154498100	13.8052052067	0.9795654297	0.9595519274	0.9207533110
1.620000	-1.9206542969	3.6889492393	13.6088844850	0.9772460938	0.9550149024	0.9120725214
1.630000	-1.9171875000	3.6756446838	13.5109038892	0.9756591797	0.9519161314	0.9061645060
1.640000	-1.9127929688	3.6587990046	13.3871336724	0.9751953125	0.9510083497	0.9044262186
1.650000	-1.9124511719	3.6574733377	13.3771675674	0.9749511719	0.9505309582	0.9035135489
1.660000	-1.9111816406	3.6526309609	13.3419424243	0.9742187500	0.9491035402	0.9008027206
1.670000	-1.9069335938	3.6364784956	13.2251790120	0.9729736328	0.9466884583	0.8962597817
1.680000	-1.9030761719	3.6217346311	13.1174774813	0.9717285156	0.9442629278	0.8916574558
1.690000	-1.8983886719	3.6038977981	12.9883428289	0.9705566406	0.9419839561	0.8873479622
1.700000	-1.9020019531	3.6176329017	13.0875786221	0.9715332031	0.9438775361	0.8909077144
1.710000	-1.8958984375	3.5944879532	12.9211681662	0.9691406250	0.9392424941	0.8822101643
1.720000	-1.8875976563	3.5630321980	12.6953023208	0.9669189453	0.9349336058	0.8741059245
1.730000	-1.8936035156	3.5857594848	12.8580326264	0.9692626953	0.9394746691	0.8826295002
1.740000	-1.8816894531	3.5407685399	12.5372307050	0.9645751953	0.9304068774	0.8656627997
1.750000	-1.8861328125	3.5575201511	12.6562795308	0.9655273438	0.9322460115	0.8690936781
1.760000	-1.8774902344	3.5250079513	12.4262212329	0.9625732422	0.9265520960	0.8585167683
1.770000	-1.8726562500	3.5068731308	12.2986047678	0.9611572266	0.9238281041	0.8534764391
1.780000	-1.8577636719	3.4513112426	11.9118990819	0.9564697266	0.9148388475	0.8369466027
1.790000	-1.8648437500	3.4777269363	12.0957651345	0.9586669922	0.9190508991	0.8446858008
1.800000	-1.8592773438	3.4569702387	11.9514449556	0.9557861328	0.9135324627	0.8345610386
1.810000	-1.8619140625	3.4667503595	12.0187240080	0.9581787109	0.9181111366	0.8429452973
1.820000	-1.8493652344	3.4202722669	11.6999105279	0.9526611328	0.9075764626	0.8237430528
1.830000	-1.8533203125	3.4348624468	11.7991931101	0.9550292969	0.9121002555	0.8319972730
1.840000	-1.8417480469	3.3921806693	11.5088441595	0.9512207031	0.9048495829	0.8188561336
1.850000	-1.8458496094	3.4072655320	11.6108899550	0.9513671875	0.9051166356	0.8192981394
1.860000	-1.8308105469	3.3519295335	11.2362678272	0.9466796875	0.8962139189	0.8032405987
1.870000	-1.8326660156	3.3586700082	11.2807352447	0.9458007812	0.8945405960	0.8002081694
1.880000	-1.8175781250	3.3036844254	10.9155797704	0.9396484375	0.8829646289	0.7797167594
1.890000	-1.8125000000	3.2851966143	10.7930470230	0.9401855469	0.8839548111	0.7813971056
1.900000	-1.8145996094	3.2928066373	10.8430335161	0.9409179688	0.8853314042	0.7838285952
1.910000	-1.8010253906	3.2438412547	10.5244390348	0.9354248047	0.8750332803	0.7657312915
1.920000	-1.7876464844	3.1959593415	10.2177262272	0.9297607422	0.8644900888	0.7474642158
1.930000	-1.7982910156	3.2339882255	10.4604647002	0.9355468750	0.8752703369	0.7661766666
1.940000	-1.7886230469	3.1992127538	10.2354803851	0.9290527344	0.8631438732	0.7450342117
1.950000	-1.7829589844	3.1789669871	10.1061392051	0.9281982422	0.8615600556	0.7423135375
1.960000	-1.7688476562	3.1289530993	9.7919793388	0.9240234375	0.8538457632	0.7291427735
1.970000	-1.7552246094	3.0811248183	9.4971860211	0.9157470703	0.8386351436	0.7034517117
1.980000	-1.7572265625	3.0879374266	9.5365015118	0.9160644531	0.8391868711	0.7042775952
1.990000	-1.7615234375	3.1030119896	9.6292684399	0.9206054688	0.8475219727	0.7183191003
2.000000	-1.7451660156	3.0456492066	9.2765230803	0.9116699219	0.8311499774	0.6908366451
2.010000	-1.7371582031	3.0179932237	9.1116101095	0.9053466797	0.8197124511	0.6721265317
2.020000	-1.7228515625	2.9684564352	8.8145772196	0.8975585938	0.8056372106	0.6491340358
2.030000	-1.7240234375	2.9725324631	8.8392410450	0.8990234375	0.8083257496	0.6536587365
2.040000	-1.7088867188	2.9205651760	8.5328597361	0.8909912109	0.7939717501	0.6307292573
2.050000	-1.7032714844	2.9013020396	8.4195033085	0.8830322266	0.7798255533	0.6083762216
2.060000	-1.6842773438	2.8373030186	8.0560170149	0.8702636719	0.7575047910	0.5742501654
2.070000	-1.6963378906	2.8776918292	8.2825901192	0.8920166016	0.7957163543	0.6332367414
2.080000	-1.6732910156	2.7999094129	7.8395665746	0.8687500000	0.7547588050	0.5697574577
2.090000	-1.6807128906	2.8249340177	7.9818135386	0.8805419922	0.7753946871	0.6013626126
2.100000	-1.6666015625	2.7778530359	7.7196895609	0.8765136719	0.7683673561	0.5906684930
2.110000	-1.6481933594	2.7170879960	7.3885524424	0.8594970703	0.7388419777	0.5462045789
2.120000	-1.6292968750	2.6546536684	7.0476680024	0.8506591797	0.7236527771	0.5237652381
2.130000	-1.6452148438	2.7067816019	7.3272039518	0.8646484375	0.7476365864	0.5590189563
2.140000	-1.6369628906	2.6797326922	7.1818792236	0.8597656250	0.7392144501	0.5464898850
2.150000	-1.6233398437	2.6354436636	6.9477868292	0.8466552734	0.7169893473	0.5145384146
2.160000	-1.6066894531	2.5816751361	6.6673506430	0.8328369141	0.6936642736	0.4813005482
2.170000	-1.5730957031	2.4748389125	6.1268902930	0.8130126953	0.6612260491	0.4378419329
2.180000	-1.5853515625	2.5134696245	6.3188369754	0.8129882812	0.6609640419	0.4369107530
2.190000	-1.5619628906	2.4402164817	5.9594729869	0.7952636719	0.6325193942	0.4002714474
2.200000	-1.5343750000	2.3546805620	5.5480903426	0.7635498047	0.5833740562	0.3411883947
2.210000	-1.5323730469	2.3483158708	5.5159793735	0.7839599609	0.6149151951	0.3788892259
2.220000	-1.5179199219	2.3042377353	5.3109491413	0.7426269531	0.5516839385	0.3047807616
2.230000	-1.5150878906	2.2955065131	5.2694895711	0.7448242188	0.5548353016	0.3080021706
2.240000	-1.4902343750	2.2208422661	4.9325309500	0.7383300781	0.5452226937	0.2974679486
2.250000	-1.4566894531	2.1222810626	4.5069356673	0.6858154297	0.4710386068	0.2232560920
2.260000	-1.4513183594	2.1068210483	4.4428858369	0.7076171875	0.5014575303	0.2528778451
2.270000	-1.4421875000	2.0800925016	4.3283359663	0.6797851563	0.4624274135	0.2144332872
2.280000	-1.4469238281	2.0936919093	4.3844160782	0.6749755859	0.4555993468	0.2075841018
2.290000	-1.3998046875	1.9600839615	3.8469659736	0.6441162109	0.4153828710	0.1733945840
2.300000	-1.3904296875	1.9344653606	3.7511966263	0.5849121094	0.3442671478	0.1214969296
2.310000	-1.3808593750	1.9071608782	3.6402457182	0.5395507812	0.2914898098	0.0854095202
2.320000	-1.3205566406	1.7443058372	3.0456320865	0.4500000000	0.2040726364	0.0428546825
2.330000	-1.3219238281	1.7479416013	3.0584951018	0.4536865234	0.2063564748	0.0430031209
2.340000	-1.3028808594	1.6976603389	2.8831464559	0.3969482422	0.1577766746	0.0250232964
2.350000	-1.3004882813	1.6918187380	2.8660431910	0.4684814453	0.2199954003	0.0488345301
2.360000	-1.2508300781	1.5647169948	2.4492209388	0.3274902344	0.1077531517	0.0118248376
2.370000	-1.2592773438	1.5859076500	2.5159206323	0.2191894531	0.0502196610	0.0029738071
2.380000	-1.2276367187	1.5073875666	2.2739865426	0.0673583984	0.0046633273	0.0000240502
2.390000	-1.2003906250	1.4412853956	2.0793130838	0.0156982422	0.0003091007	0.0000001616
2.400000	-1.2059082031	1.4542669654	2.1151982833	0.0446777344	0.0026843011	0.0000140624
2.410000	-1.1965332031	1.4317214370	2.0499966259	0.0240478516	0.0008971781	0.0000023548
2.420000	-1.1811523438	1.3953114271	1.9479695911	0.0226318359	0.0006580621	0.0000007183
2.430000	-1.1819335937	1.3972323895	1.9537363583	0.0989013672	0.0098616749	0.0001003337
2.440000	-1.1559082031	1.3362988353	1.7866194435	0.0134765625	0.0004333258	0.0000008332
2.450000	-1.1464355469	1.3145110965	1.7289714313	0.0144531250	0.0005249083	0.0000012205
2.460000	-1.1327148438	1.2835474491	1.6500839026	0.0304443359	0.0013273209	0.0000042952
2.470000	-1.1381835938	1.2955298185	1.6787479851	0.0253662109	0.0011729330	0.0000039339
2.480000	-1.1147949219	1.2432007670	1.5477432858	0.0728515625	0.0057502568	0.0000418172
2.490000	-1.1158203125	1.2452537060	1.5516452932	0.0223876953	0.0008676738	0.0000023766
2.500000	-1.0993164063	1.2087157965	1.4620493410	0.0421875000	0.0025022268	0.0000123513
2.510000	-1.0945800781	1.1987081170	1.4398470140	0.0650878906	0.0046759963	0.0000300893
2.520000	-1.0812988281	1.1693117499	1.3677803626	0.0553222656	0.0033295393	0.0000152395
2.530000	-1.0854003906	1.1783932090	1.3900167831	0.0334716797	0.0013544112	0.0000034485
2.540000	-1.0787597656	1.1637681842	1.3545686506	0.0264892578	0.0010742277	0.0000024621
2.550000	-1.0475585938	1.0974424124	1.2046578912	0.0412353516	0.0021804661	0.0000073818
2.560000	-1.0620605469	1.1281502843	1.2735276839	0.0298095703	0.0011252135	0.0000019467
2.570000	-1.0590820312	1.1217674732	1.2588612832	0.0168701172	0.0003358215	0.0000001695
2.580000	-1.0505371094	1.1036963344	1.2184437877	0.0261230469	0.0007446945	0.0000007434
2.590000	-1.0367675781	1.0750397801	1.1563571846	0.0406250000	0.0020050585	0.0000063329
2.600000	-1.0230468750	1.0466578484	1.0956307143	0.0359619141	0.0024371475	0.0000180930
2.610000	-1.0248046875	1.0504534006	1.1044189542	0.0277099609	0.0009560734	0.0000014334
2.620000	-1.0136230469	1.0277613044	1.0576701296	0.0472656250	0.0027075589	0.0000101224
2.630000	-1.0000000000	1.0001684904	1.0010084253	0.0547851563	0.0034650445	0.0000149364
2.640000	-0.9994140625	0.9989248037	0.9982331015	0.0390380859	0.0019597024	0.0000060540
2.650000	-0.9951660156	0.9906165242	0.9823325311	0.0394287109	0.0026631325	0.0000193560
2.660000	-0.9908203125	0.9819869041	0.9653217975	0.0256103516	0.0010769993	0.0000033043
2.670000	-0.9731445312	0.9470578909	0.8970979186	0.0269042969	0.0009020269	0.0000011986
2.680000	-0.9842773437	0.9691720963	0.9407276408	0.0179687500	0.0003540576	0.0000001681
2.690000	-0.9715820312	0.9440797091	0.8916927350	0.0176025391	0.0004787534	0.0000005447
2.700000	-0.9692871094	0.9396028161	0.8831739008	0.0286132813	0.0010725200	0.0000019120
2.710000	-0.9602539062	0.9221430063	0.8505536803	0.0498535156	0.0029179990	0.0000136391
2.720000	-0.9567871094	0.9157236218	0.8395806820	0.0159912109	0.0002914876	0.0000001065
2.730000	-0.9518554688	0.9061843157	0.8217286429	0.0162597656	0.0003788590	0.0000003605
2.740000	-0.9392089844	0.8824136615	0.7797048412	0.0259033203	0.0008635253	0.0000012534
2.750000	-0.9358886719	0.8759019732	0.7672546083	0.0054687500	0.0000672162	0.0000000165
2.760000	-0.9286621094	0.8624550223	0.7439724699	0.0291992187	0.0011937916	0.0000023998
2.770000	-0.9153808594	0.8379805923	0.7024073800	0.0163818359	0.0003525347	0.0000002553
2.780000	-0.9180664063	0.8429138899	0.7107354550	0.0167968750	0.0004772842	0.0000004722
2.790000	-0.9095214844	0.8273217797	0.6847679236	0.0260742187	0.0009535611	0.0000016700
2.800000	-0.9075683594	0.8238838077	0.6794508896	0.0250488281	0.0010569215	0.0000027924
2.810000	-0.9077636719	0.8245681643	0.6817341114	0.0252685547	0.0008516043	0.0000015042
2.820000	-0.9026855469	0.8150011420	0.6647480964	0.0165039062	0.0003344119	0.0000001907
2.830000	-0.8946289063	0.8005609035	0.6415514121	0.0214111328	0.0007282466	0.0000012599
2.840000	-0.8852050781	0.7836588264	0.6143426930	0.0300048828	0.0013973027	0.0000043806
2.850000	-0.8763183594	0.7680550933	0.5902836658	0.0271484375	0.0010139942	0.0000018845
2.860000	-0.8823242188	0.7787795782	0.6073661304	0.0394775391	0.0024615973	0.0000154639
2.870000	-0.8756835938	0.7670320272	0.5889880750	0.0200683594	0.0004864514	0.0000003172
2.880000	-0.8680175781	0.7536612391	0.5686236423	0.0297119141	0.0012447327	0.0000029997
2.890000	-0.8623535156	0.7438299060	0.5538106170	0.0232910156	0.0008894801	0.0000020737
2.900000	-0.8587402344	0.7376113534	0.5445870002	0.0300292969	0.0012593091	0.0000031329
2.910000	-0.8478515625	0.7190528393	0.5176255525	0.0277099609	0.0011593252	0.0000030456
2.920000	-0.8531250000	0.7280070305	0.5305317953	0.0332763672	0.0015770227	0.0000048986
2.930000	-0.8539550781	0.7295949340	0.5333470234	0.0247070313	0.0007264495	0.0000008009
2.940000	-0.8454101563	0.7151894569	0.5128746708	0.0117431641	0.0002715260	0.0000002494
2.950000	-0.8382812500	0.7029126167	0.4946396301	0.0252929687	0.0011034131	0.0000031308
2.960000	-0.8297851563	0.6887153387	0.4747920098	0.0158935547	0.0004462212	0.0000006301
2.970000	-0.8317871094	0.6919198394	0.4788914568	0.0170166016	0.0004475564	0.0000004512
2.980000	-0.8225097656	0.6766569257	0.4582307723	0.0261474609	0.0007562846	0.0000008362
2.990000	-0.8096191406	0.6555495858	0.4299193800	0.0130859375	0.0003434002	0.0000003776
3.000000	-0.8144531250	0.6635110855	0.4407182386	0.0283447266	0.0011093825	0.0000030867

===== Performance statistics =====
# started on Mon Mar 24 17:43:06 2025


 Performance counter stats for './tiny_ising':

            712.11 msec task-clock:u                     #    0.999 CPUs utilized             
                 0      context-switches:u               #    0.000 /sec                      
                 0      cpu-migrations:u                 #    0.000 /sec                      
                91      page-faults:u                    #  127.789 /sec                      
     9,701,387,769      instructions:u                   #    3.18  insn per cycle            
                                                  #    0.01  stalled cycles per insn   
     3,047,483,301      cycles:u                         #    4.279 GHz                       
       103,288,334      stalled-cycles-frontend:u        #    3.39% frontend cycles idle      
     1,594,402,198      branches:u                       #    2.239 G/sec                     
        19,498,019      branch-misses:u                  #    1.22% of all branches           

       0.712583045 seconds time elapsed

       0.711448000 seconds user
       0.000999000 seconds sys


